<?xml version="1.0" encoding="UTF-8"?>
<testng-results ignored="0" total="2" passed="0" failed="1" skipped="1">
  <reporter-output>
  </reporter-output>
  <suite started-at="2025-04-20T11:28:20 EET" name="Test Classes in multiple browsers" finished-at="2025-04-20T11:28:35 EET" duration-ms="15548">
    <groups>
      <group name="checkMethode">
        <method signature="CartTest.addItemsToCart()[pri:0, instance:tests.CartTest@290dbf45]" name="addItemsToCart" class="tests.CartTest"/>
        <method signature="CartTest.checkout()[pri:0, instance:tests.CartTest@290dbf45]" name="checkout" class="tests.CartTest"/>
      </group> <!-- checkMethode -->
    </groups>
    <test started-at="2025-04-20T11:28:20 EET" name="test CartTest via Chrome browser" finished-at="2025-04-20T11:28:35 EET" duration-ms="15548">
      <class name="tests.CartTest">
        <test-method is-config="true" signature="setBrowser(java.lang.String)[pri:0, instance:tests.CartTest@290dbf45]" started-at="2025-04-20T11:28:20 EET" name="setBrowser" finished-at="2025-04-20T11:28:35 EET" duration-ms="15485" status="PASS">
          <params>
            <param index="0">
              <value>
                <![CDATA[chrome]]>
              </value>
            </param>
          </params>
          <reporter-output>
          </reporter-output>
        </test-method> <!-- setBrowser -->
        <test-method signature="addItemsToCart()[pri:0, instance:tests.CartTest@290dbf45]" started-at="2025-04-20T11:28:35 EET" name="addItemsToCart" finished-at="2025-04-20T11:28:35 EET" duration-ms="3" status="FAIL">
          <exception class="java.lang.NullPointerException">
            <message>
              <![CDATA[Cannot invoke "pages.Products.navigateToProductsPage()" because "this.product" is null]]>
            </message>
            <full-stacktrace>
              <![CDATA[java.lang.NullPointerException: Cannot invoke "pages.Products.navigateToProductsPage()" because "this.product" is null
at tests.CartTest.addItemsToCart(CartTest.java:49)
at java.base/jdk.internal.reflect.DirectMethodHandleAccessor.invoke(DirectMethodHandleAccessor.java:103)
at java.base/java.lang.reflect.Method.invoke(Method.java:580)
at org.testng.internal.invokers.MethodInvocationHelper.invokeMethod(MethodInvocationHelper.java:139)
at org.testng.internal.invokers.TestInvoker.invokeMethod(TestInvoker.java:664)
at org.testng.internal.invokers.TestInvoker.invokeTestMethod(TestInvoker.java:228)
at org.testng.internal.invokers.MethodRunner.runInSequence(MethodRunner.java:63)
at org.testng.internal.invokers.TestInvoker$MethodInvocationAgent.invoke(TestInvoker.java:961)
at org.testng.internal.invokers.TestInvoker.invokeTestMethods(TestInvoker.java:201)
at org.testng.internal.invokers.TestMethodWorker.invokeTestMethods(TestMethodWorker.java:148)
at org.testng.internal.invokers.TestMethodWorker.run(TestMethodWorker.java:128)
at java.base/java.util.ArrayList.forEach(ArrayList.java:1596)
at org.testng.TestRunner.privateRun(TestRunner.java:819)
at org.testng.TestRunner.run(TestRunner.java:619)
at org.testng.SuiteRunner.runTest(SuiteRunner.java:443)
at org.testng.SuiteRunner$SuiteWorker.run(SuiteRunner.java:481)
at org.testng.internal.thread.ThreadUtil.lambda$execute$0(ThreadUtil.java:58)
at java.base/java.util.concurrent.FutureTask.run$$$capture(FutureTask.java:317)
at java.base/java.util.concurrent.FutureTask.run(FutureTask.java)
at --- Async.Stack.Trace --- (captured by IntelliJ IDEA debugger)
at java.base/java.util.concurrent.FutureTask.<init>(FutureTask.java:132)
at java.base/java.util.concurrent.AbstractExecutorService.newTaskFor(AbstractExecutorService.java:113)
at java.base/java.util.concurrent.AbstractExecutorService.invokeAll(AbstractExecutorService.java:274)
at org.testng.internal.thread.ThreadUtil.execute(ThreadUtil.java:64)
at org.testng.SuiteRunner.runInParallelTestMode(SuiteRunner.java:464)
at org.testng.SuiteRunner.privateRun(SuiteRunner.java:395)
at org.testng.SuiteRunner.run(SuiteRunner.java:336)
at org.testng.SuiteRunnerWorker.runSuite(SuiteRunnerWorker.java:52)
at org.testng.SuiteRunnerWorker.run(SuiteRunnerWorker.java:95)
at org.testng.TestNG.runSuitesSequentially(TestNG.java:1301)
at org.testng.TestNG.runSuitesLocally(TestNG.java:1228)
at org.testng.TestNG.runSuites(TestNG.java:1134)
at org.testng.TestNG.run(TestNG.java:1101)
at com.intellij.rt.testng.IDEARemoteTestNG.run(IDEARemoteTestNG.java:65)
at com.intellij.rt.testng.RemoteTestNGStarter.main(RemoteTestNGStarter.java:105)
]]>
            </full-stacktrace>
          </exception> <!-- java.lang.NullPointerException -->
          <reporter-output>
          </reporter-output>
        </test-method> <!-- addItemsToCart -->
        <test-method signature="checkout()[pri:0, instance:tests.CartTest@290dbf45]" started-at="2025-04-20T11:28:35 EET" name="checkout" finished-at="2025-04-20T11:28:35 EET" depends-on-methods="tests.CartTest.addItemsToCart" duration-ms="0" status="SKIP">
          <exception class="java.lang.Throwable">
            <message>
              <![CDATA[Method tests.CartTest.checkout() on instance tests.CartTest@290dbf45 depends on not successfully finished methods 
[tests.CartTest.addItemsToCart() on instance tests.CartTest@290dbf45]]]>
            </message>
            <full-stacktrace>
              <![CDATA[java.lang.Throwable: Method tests.CartTest.checkout() on instance tests.CartTest@290dbf45 depends on not successfully finished methods 
[tests.CartTest.addItemsToCart() on instance tests.CartTest@290dbf45]
at org.testng.internal.invokers.TestInvoker.invokeTestMethods(TestInvoker.java:157)
at org.testng.internal.invokers.TestMethodWorker.invokeTestMethods(TestMethodWorker.java:148)
at org.testng.internal.invokers.TestMethodWorker.run(TestMethodWorker.java:128)
at java.base/java.util.ArrayList.forEach(ArrayList.java:1596)
at org.testng.TestRunner.privateRun(TestRunner.java:819)
at org.testng.TestRunner.run(TestRunner.java:619)
at org.testng.SuiteRunner.runTest(SuiteRunner.java:443)
at org.testng.SuiteRunner$SuiteWorker.run(SuiteRunner.java:481)
at org.testng.internal.thread.ThreadUtil.lambda$execute$0(ThreadUtil.java:58)
at java.base/java.util.concurrent.FutureTask.run$$$capture(FutureTask.java:317)
at java.base/java.util.concurrent.FutureTask.run(FutureTask.java)
at --- Async.Stack.Trace --- (captured by IntelliJ IDEA debugger)
at java.base/java.util.concurrent.FutureTask.<init>(FutureTask.java:132)
at java.base/java.util.concurrent.AbstractExecutorService.newTaskFor(AbstractExecutorService.java:113)
at java.base/java.util.concurrent.AbstractExecutorService.invokeAll(AbstractExecutorService.java:274)
at org.testng.internal.thread.ThreadUtil.execute(ThreadUtil.java:64)
at org.testng.SuiteRunner.runInParallelTestMode(SuiteRunner.java:464)
at org.testng.SuiteRunner.privateRun(SuiteRunner.java:395)
at org.testng.SuiteRunner.run(SuiteRunner.java:336)
at org.testng.SuiteRunnerWorker.runSuite(SuiteRunnerWorker.java:52)
at org.testng.SuiteRunnerWorker.run(SuiteRunnerWorker.java:95)
at org.testng.TestNG.runSuitesSequentially(TestNG.java:1301)
at org.testng.TestNG.runSuitesLocally(TestNG.java:1228)
at org.testng.TestNG.runSuites(TestNG.java:1134)
at org.testng.TestNG.run(TestNG.java:1101)
at com.intellij.rt.testng.IDEARemoteTestNG.run(IDEARemoteTestNG.java:65)
at com.intellij.rt.testng.RemoteTestNGStarter.main(RemoteTestNGStarter.java:105)
]]>
            </full-stacktrace>
          </exception> <!-- java.lang.Throwable -->
          <reporter-output>
          </reporter-output>
        </test-method> <!-- checkout -->
      </class> <!-- tests.CartTest -->
    </test> <!-- test CartTest via Chrome browser -->
  </suite> <!-- Test Classes in multiple browsers -->
</testng-results>
