<?xml version="1.0" encoding="UTF-8"?>
<testng-results ignored="0" total="10" passed="10" failed="0" skipped="0">
  <reporter-output>
  </reporter-output>
  <suite started-at="2025-01-11T23:23:51 EET" name="GroupingSuit" finished-at="2025-01-11T23:23:51 EET" duration-ms="105">
    <groups>
      <group name="smoke">
        <method signature="signup.signupWithGoogle()[pri:1, instance:practice.signup@5a63f509]" name="signupWithGoogle" class="practice.signup"/>
        <method signature="signup.signupWithIcloud()[pri:2, instance:practice.signup@5a63f509]" name="signupWithIcloud" class="practice.signup"/>
      </group> <!-- smoke -->
      <group name="sanity">
        <method signature="login.loginWithGoogle()[pri:1, instance:practice.login@78b66d36]" name="loginWithGoogle" class="practice.login"/>
        <method signature="signup.signupWithGoogle()[pri:1, instance:practice.signup@5a63f509]" name="signupWithGoogle" class="practice.signup"/>
        <method signature="login.loginWithIcloud()[pri:2, instance:practice.login@78b66d36]" name="loginWithIcloud" class="practice.login"/>
        <method signature="signup.signupWithIcloud()[pri:2, instance:practice.signup@5a63f509]" name="signupWithIcloud" class="practice.signup"/>
        <method signature="login.openApp()[pri:5, instance:practice.login@78b66d36]" name="openApp" class="practice.login"/>
      </group> <!-- sanity -->
      <group name="functionality">
        <method signature="cart.addItemToCart()[pri:0, instance:practice.cart@34b7ac2f]" name="addItemToCart" class="practice.cart"/>
        <method signature="cart.removeItem()[pri:0, instance:practice.cart@34b7ac2f]" name="removeItem" class="practice.cart"/>
        <method signature="cart.reAddItemToCart()[pri:0, instance:practice.cart@34b7ac2f]" name="reAddItemToCart" class="practice.cart"/>
        <method signature="cart.checkOut()[pri:0, instance:practice.cart@34b7ac2f]" name="checkOut" class="practice.cart"/>
        <method signature="cart.cancelOrder()[pri:0, instance:practice.cart@34b7ac2f]" name="cancelOrder" class="practice.cart"/>
      </group> <!-- functionality -->
    </groups>
    <test started-at="2025-01-11T23:23:51 EET" name="grouping test" finished-at="2025-01-11T23:23:51 EET" duration-ms="105">
      <class name="practice.cart">
        <test-method signature="addItemToCart()[pri:0, instance:practice.cart@34b7ac2f]" started-at="2025-01-11T23:23:51 EET" name="addItemToCart" depends-on-groups="sanity" finished-at="2025-01-11T23:23:51 EET" duration-ms="1" status="PASS">
          <reporter-output>
          </reporter-output>
        </test-method> <!-- addItemToCart -->
        <test-method signature="removeItem()[pri:0, instance:practice.cart@34b7ac2f]" started-at="2025-01-11T23:23:51 EET" name="removeItem" depends-on-groups="sanity" finished-at="2025-01-11T23:23:51 EET" depends-on-methods="practice.cart.addItemToCart" duration-ms="1" status="PASS">
          <reporter-output>
          </reporter-output>
        </test-method> <!-- removeItem -->
        <test-method signature="reAddItemToCart()[pri:0, instance:practice.cart@34b7ac2f]" started-at="2025-01-11T23:23:51 EET" name="reAddItemToCart" depends-on-groups="sanity" finished-at="2025-01-11T23:23:51 EET" depends-on-methods="practice.cart.removeItem, practice.cart.addItemToCart" duration-ms="1" status="PASS">
          <reporter-output>
          </reporter-output>
        </test-method> <!-- reAddItemToCart -->
        <test-method signature="checkOut()[pri:0, instance:practice.cart@34b7ac2f]" started-at="2025-01-11T23:23:51 EET" name="checkOut" depends-on-groups="sanity" finished-at="2025-01-11T23:23:51 EET" depends-on-methods="practice.cart.reAddItemToCart, practice.cart.addItemToCart" duration-ms="1" status="PASS">
          <reporter-output>
          </reporter-output>
        </test-method> <!-- checkOut -->
        <test-method signature="cancelOrder()[pri:0, instance:practice.cart@34b7ac2f]" started-at="2025-01-11T23:23:51 EET" name="cancelOrder" depends-on-groups="sanity" finished-at="2025-01-11T23:23:51 EET" depends-on-methods="practice.cart.checkOut" duration-ms="1" status="PASS">
          <reporter-output>
          </reporter-output>
        </test-method> <!-- cancelOrder -->
      </class> <!-- practice.cart -->
      <class name="practice.signup">
        <test-method signature="signupWithGoogle()[pri:1, instance:practice.signup@5a63f509]" started-at="2025-01-11T23:23:51 EET" name="signupWithGoogle" finished-at="2025-01-11T23:23:51 EET" duration-ms="1" status="PASS">
          <reporter-output>
          </reporter-output>
        </test-method> <!-- signupWithGoogle -->
        <test-method signature="signupWithIcloud()[pri:2, instance:practice.signup@5a63f509]" started-at="2025-01-11T23:23:51 EET" name="signupWithIcloud" finished-at="2025-01-11T23:23:51 EET" duration-ms="1" status="PASS">
          <reporter-output>
          </reporter-output>
        </test-method> <!-- signupWithIcloud -->
      </class> <!-- practice.signup -->
      <class name="practice.login">
        <test-method signature="loginWithGoogle()[pri:1, instance:practice.login@78b66d36]" started-at="2025-01-11T23:23:51 EET" name="loginWithGoogle" finished-at="2025-01-11T23:23:51 EET" duration-ms="8" status="PASS">
          <reporter-output>
          </reporter-output>
        </test-method> <!-- loginWithGoogle -->
        <test-method signature="loginWithIcloud()[pri:2, instance:practice.login@78b66d36]" started-at="2025-01-11T23:23:51 EET" name="loginWithIcloud" finished-at="2025-01-11T23:23:51 EET" duration-ms="1" status="PASS">
          <reporter-output>
          </reporter-output>
        </test-method> <!-- loginWithIcloud -->
        <test-method signature="openApp()[pri:5, instance:practice.login@78b66d36]" started-at="2025-01-11T23:23:51 EET" name="openApp" finished-at="2025-01-11T23:23:51 EET" depends-on-methods="practice.login.loginWithGoogle" duration-ms="0" status="PASS">
          <reporter-output>
          </reporter-output>
        </test-method> <!-- openApp -->
      </class> <!-- practice.login -->
    </test> <!-- grouping test -->
  </suite> <!-- GroupingSuit -->
</testng-results>
